<?xml version="1.0" encoding="UTF-8"?>
<testng-results ignored="0" total="1" passed="1" failed="0" skipped="0">
  <reporter-output>
  </reporter-output>
  <suite started-at="2022-04-04T16:50:23Z" name="Suite" finished-at="2022-04-04T16:50:23Z" duration-ms="40">
    <groups>
    </groups>
    <test started-at="2022-04-04T16:50:23Z" name="Test" finished-at="2022-04-04T16:50:23Z" duration-ms="40">
      <class name="Tester">
        <test-method signature="TestCase()[pri:0, instance:Tester@6337c201]" started-at="2022-04-04T16:50:23Z" name="TestCase" finished-at="2022-04-04T16:50:23Z" duration-ms="10" status="PASS">
          <reporter-output>
          </reporter-output>
        </test-method> <!-- TestCase -->
      </class> <!-- Tester -->
    </test> <!-- Test -->
  </suite> <!-- Suite -->
</testng-results>
