<?xml version="1.0" encoding="UTF-8"?>
<testng-results ignored="0" total="1" passed="1" failed="0" skipped="0">
  <reporter-output>
  </reporter-output>
  <suite started-at="2024-04-12T18:26:18 IST" name="Default suite" finished-at="2024-04-12T18:26:20 IST" duration-ms="2369">
    <groups>
    </groups>
    <test started-at="2024-04-12T18:26:18 IST" name="Default test" finished-at="2024-04-12T18:26:20 IST" duration-ms="2369">
      <class name="Practice_RestAssured_HTTP.Demo1_GET_Request">
        <test-method signature="getRequest()[pri:1, instance:Practice_RestAssured_HTTP.Demo1_GET_Request@53fdffa1]" started-at="2024-04-12T18:26:18 IST" name="getRequest" finished-at="2024-04-12T18:26:20 IST" duration-ms="2333" status="PASS">
          <reporter-output>
          </reporter-output>
        </test-method> <!-- getRequest -->
      </class> <!-- Practice_RestAssured_HTTP.Demo1_GET_Request -->
    </test> <!-- Default test -->
  </suite> <!-- Default suite -->
</testng-results>
