<?xml version="1.0" encoding="UTF-8"?>
<testng-results ignored="0" total="1" passed="1" failed="0" skipped="0">
  <reporter-output>
  </reporter-output>
  <suite started-at="2022-04-05T01:55:14Z" name="Tester" finished-at="2022-04-05T01:55:14Z" duration-ms="18">
    <groups>
    </groups>
    <test started-at="2022-04-05T01:55:14Z" name="Command line test" finished-at="2022-04-05T01:55:14Z" duration-ms="18">
      <class name="Tester">
        <test-method signature="tc1()[pri:0, instance:Tester@29626d54]" started-at="2022-04-05T01:55:14Z" name="tc1" finished-at="2022-04-05T01:55:14Z" duration-ms="5" status="PASS">
          <reporter-output>
          </reporter-output>
        </test-method> <!-- tc1 -->
      </class> <!-- Tester -->
    </test> <!-- Command line test -->
  </suite> <!-- Tester -->
</testng-results>
