<?xml version="1.0" encoding="UTF-8"?>
<testng-results ignored="0" total="1" passed="1" failed="0" skipped="0">
  <reporter-output>
  </reporter-output>
  <suite started-at="2022-04-05T01:31:23Z" name="Default suite" finished-at="2022-04-05T01:31:23Z" duration-ms="40">
    <groups>
    </groups>
    <test started-at="2022-04-05T01:31:23Z" name="Default test" finished-at="2022-04-05T01:31:23Z" duration-ms="40">
      <class name="Tester">
        <test-method signature="tc1()[pri:0, instance:Tester@3370f42]" started-at="2022-04-05T01:31:23Z" name="tc1" finished-at="2022-04-05T01:31:23Z" duration-ms="13" status="PASS">
          <reporter-output>
          </reporter-output>
        </test-method> <!-- tc1 -->
      </class> <!-- Tester -->
    </test> <!-- Default test -->
  </suite> <!-- Default suite -->
</testng-results>
